<?xml version="1.0" encoding="UTF-8"?>
<robot generator="Robot 3.2.2 (Python 3.9.0 on win32)" generated="20201030 06:48:28.065" rpa="false">
<suite id="s1" name="AppiumProject" source="D:\Selenium\RobotWorkspace\AppiumProject">
<suite id="s1-s1" name="NativeAppSuite" source="D:\Selenium\RobotWorkspace\AppiumProject\NativeAppSuite">
<suite id="s1-s1-s1" name="Nativeapptest" source="D:\Selenium\RobotWorkspace\AppiumProject\NativeAppSuite\nativeapptest.robot">
<test id="s1-s1-s1-t1" name="OpenExistingApplicationTest">
<kw name="Open Application" library="AppiumLibrary">
<doc>Opens a new application to given Appium server.
Capabilities of appium server, Android and iOS,
Please check https://github.com/appium/appium/blob/master/docs/en/writing-running-appium/server-args.md
| *Option*            | *Man.* | *Description*     |
| remote_url          | Yes    | Appium server url |
| alias               | no     | alias             |</doc>
<arguments>
<arg>remote_url=http://localhost:4723/wd/hub</arg>
<arg>platformName=android</arg>
<arg>deviceName=emulator</arg>
<arg>appPackage=org.khanacademy.android</arg>
<arg>appActivity=org.khanacademy.android.ui.library.MainActivity</arg>
<arg>noReset=true</arg>
</arguments>
<status status="PASS" starttime="20201030 06:48:28.402" endtime="20201030 06:48:49.597"></status>
</kw>
<kw name="Set Appium Timeout" library="AppiumLibrary">
<doc>Sets the timeout in seconds used by various keywords.</doc>
<arguments>
<arg>30s</arg>
</arguments>
<status status="PASS" starttime="20201030 06:48:49.598" endtime="20201030 06:48:49.599"></status>
</kw>
<status status="PASS" starttime="20201030 06:48:28.401" endtime="20201030 06:48:49.599" critical="yes"></status>
</test>
<status status="PASS" starttime="20201030 06:48:28.201" endtime="20201030 06:48:49.599"></status>
</suite>
<status status="PASS" starttime="20201030 06:48:28.199" endtime="20201030 06:48:49.601"></status>
</suite>
<status status="PASS" starttime="20201030 06:48:28.179" endtime="20201030 06:48:49.602"></status>
</suite>
<statistics>
<total>
<stat pass="1" fail="0">Critical Tests</stat>
<stat pass="1" fail="0">All Tests</stat>
</total>
<tag>
</tag>
<suite>
<stat pass="1" fail="0" id="s1" name="AppiumProject">AppiumProject</stat>
<stat pass="1" fail="0" id="s1-s1" name="NativeAppSuite">AppiumProject.NativeAppSuite</stat>
<stat pass="1" fail="0" id="s1-s1-s1" name="Nativeapptest">AppiumProject.NativeAppSuite.Nativeapptest</stat>
</suite>
</statistics>
<errors>
</errors>
</robot>
